<?xml version="1.0" encoding="UTF-8"?>
<!-- Generated by org.testng.reporters.JUnitXMLReporter -->
<testsuite hostname="ARP-260" ignored="0" name="exit" tests="2" failures="1" timestamp="19 Dec 2019 07:18:38 GMT" time="1.069" errors="0">
  <testcase name="logout" time="0.002" classname="tests.Logout">
    <failure type="java.lang.NullPointerException">
      <![CDATA[java.lang.NullPointerExceptionat tests.Logout.logout(Logout.java:55)... Removed 25 stack frames]]>
    </failure>
  </testcase> <!-- logout -->
  <testcase name="closebrowser" time="1.059" classname="tests.Quit_Browser"/>
</testsuite> <!-- exit -->
