<?xml version="1.0" encoding="UTF-8"?>
<!-- Generated by org.testng.reporters.JUnitXMLReporter -->
<testsuite hostname="ARP-260" ignored="2" name="ValidateSmokeTests" tests="7" failures="0" timestamp="10 Dec 2019 11:25:04 GMT" time="167.892" errors="0">
  <testcase name="ValidateLogin" time="42.71" classname="tests.OldSmokeTests"/>
  <testcase name="ValidateFavoriteIcon" time="15.192" classname="tests.OldSmokeTests"/>
  <testcase name="ValidateSearching" time="31.461" classname="tests.OldSmokeTests"/>
  <testcase name="ValidatePDPandAddToCart" time="32.11" classname="tests.OldSmokeTests"/>
  <testcase name="ValidateRecentViewLink" time="21.53" classname="tests.OldSmokeTests"/>
  <testcase name="ValidateFooterLogo" time="6.668" classname="tests.OldSmokeTests"/>
  <testcase name="ValidateMyProfNavigation" time="13.997" classname="tests.OldSmokeTests"/>
  <testcase name="ValidateAddToCart" time="0.0" classname="tests.OldSmokeTests">
    <ignored/>
  </testcase> <!-- ValidateAddToCart -->
  <testcase name="ValidateAddTofavorites" time="0.0" classname="tests.OldSmokeTests">
    <ignored/>
  </testcase> <!-- ValidateAddTofavorites -->
</testsuite> <!-- ValidateSmokeTests -->
